<?xml version="1.0" encoding="UTF-8"?>
<testng-results skipped="0" failed="0" ignored="0" total="1" passed="1">
  <reporter-output>
  </reporter-output>
  <suite name="Default suite" duration-ms="92668" started-at="2022-07-11T21:37:24 IST" finished-at="2022-07-11T21:38:57 IST">
    <groups>
    </groups>
    <test name="Default test" duration-ms="92668" started-at="2022-07-11T21:37:24 IST" finished-at="2022-07-11T21:38:57 IST">
      <class name="script1.Practi">
        <test-method status="PASS" signature="laucnhinginpen()[pri:0, instance:script1.Practi@4923ab24]" name="laucnhinginpen" duration-ms="92610" started-at="2022-07-11T21:37:24 IST" finished-at="2022-07-11T21:38:57 IST">
          <reporter-output>
          </reporter-output>
        </test-method> <!-- laucnhinginpen -->
      </class> <!-- script1.Practi -->
    </test> <!-- Default test -->
  </suite> <!-- Default suite -->
</testng-results>
